propka3.2                                                                                    2021-07-30

-------------------------------------------------------------------------------
--                                                                           --
--  PROPKA: A PROTEIN PKA PREDICTOR                                          --
--                                                                           --
--  VERSION 1.0,  04/25/2004,  IOWA CITY                                     --
--  BY HUI LI                                                                --
--                                                                           --
--  VERSION 2.0,  11/05/2007, IOWA CITY/COPENHAGEN                           --
--  BY DELPHINE C. BAS AND DAVID M. ROGERS                                   --
--                                                                           --
--  VERSION 3.0,  01/06/2011, COPENHAGEN                                     --
--  BY MATS H.M. OLSSON AND CHRESTEN R. SONDERGARD                           --
--                                                                           --
--  VERSION 3.1,  07/01/2011, COPENHAGEN                                     --
--  BY CHRESTEN R. SONDERGARD AND MATS H.M. OLSSON                           --
--                                                                           --
--  VERSION 3.2,  06/17/2020, PLANET EARTH                                   --
--  SEE ABOVE FOR AUTHORS                                                    --
--                                                                           --
-------------------------------------------------------------------------------


-------------------------------------------------------------------------------
References:

Very Fast Empirical Prediction and Rationalization of Protein pKa Values.
Hui Li, Andrew D. Robertson and Jan H. Jensen. PROTEINS: Structure, Function,
and Bioinformatics. 61:704-721 (2005)

Very Fast Prediction and Rationalization of pKa Values for Protein-Ligand
Complexes.  Delphine C. Bas, David M. Rogers and Jan H. Jensen.  PROTEINS:
Structure, Function, and Bioinformatics 73:765-783 (2008)

PROPKA3: Consistent Treatment of Internal and Surface Residues in Empirical
pKa predictions.  Mats H.M. Olsson, Chresten R. Sondergard, Michal Rostkowski,
and Jan H. Jensen.  Journal of Chemical Theory and Computation, 7(2):525-537
(2011)

Improved Treatment of Ligands and Coupling Effects in Empirical Calculation
and Rationalization of pKa Values.  Chresten R. Sondergaard, Mats H.M. Olsson,
Michal Rostkowski, and Jan H. Jensen.  Journal of Chemical Theory and
Computation, (2011)
-------------------------------------------------------------------------------



-------------------------------------------------------------------------------------------------------


Calculating pKas for Conformation container 1A with 2875 atoms and 754 groups
-------------------------------------------------------------------------------------------------------

---------  -----   ------   ---------------------    --------------    --------------    --------------
                            DESOLVATION  EFFECTS       SIDECHAIN          BACKBONE        COULOMBIC
 RESIDUE    pKa    BURIED     REGULAR      RE        HYDROGEN BOND     HYDROGEN BOND      INTERACTION
---------  -----   ------   ---------   ---------    --------------    --------------    --------------

ASP  10 A   1.61     0 %    0.62  274   0.00    0   -0.76 TRP  15 A    0.00 XXX   0 X   -0.40 ARG 267 A
ASP  10 A                                           -1.65 ARG 267 A    0.00 XXX   0 X    0.00 XXX   0 X

ASP  21 A   4.06     0 %    0.33  235   0.00    0    0.00 XXX   0 X    0.00 XXX   0 X   -0.07 LYS 246 A

ASP  28 A   4.00     0 %    0.20  257   0.00    0    0.00 XXX   0 X    0.00 XXX   0 X    0.00 XXX   0 X

ASP  47 A   3.67    17 %    0.54  330   0.00    0    0.00 XXX   0 X   -0.48 ASP  47 A   -0.01 ARG  23 A
ASP  47 A                                            0.00 XXX   0 X    0.00 XXX   0 X   -0.06 LYS  35 A
ASP  47 A                                            0.00 XXX   0 X    0.00 XXX   0 X   -0.12 ARG  46 A

ASP  52 A   3.04    11 %    0.96  312   0.10    0    0.00 XXX   0 X   -0.68 ARG  32 A   -0.13 ARG  32 A
ASP  52 A                                            0.00 XXX   0 X   -0.81 VAL  33 A   -0.16 ARG  55 A
ASP  52 A                                            0.00 XXX   0 X    0.00 XXX   0 X   -0.03 LYS  57 A

ASP  62 A   3.76     0 %    0.20  226   0.00    0    0.00 XXX   0 X    0.00 XXX   0 X   -0.10 LYS  38 A
ASP  62 A                                            0.00 XXX   0 X    0.00 XXX   0 X   -0.14 ARG  42 A

ASP  64 A   2.89    18 %    0.83  333   0.08    0   -0.94 ARG  55 A   -0.04 ASP  64 A   -0.10 LYS  38 A
ASP  64 A                                            0.00 XXX   0 X    0.00 XXX   0 X   -0.05 ARG  42 A
ASP  64 A                                            0.00 XXX   0 X    0.00 XXX   0 X   -0.19 LYS  57 A
ASP  64 A                                            0.00 XXX   0 X    0.00 XXX   0 X   -0.50 ARG  55 A

ASP 136 A   4.35    36 %    1.05  382   0.08    0    0.00 XXX   0 X   -0.16 ASP 136 A   -0.08 ARG  42 A
ASP 136 A                                            0.00 XXX   0 X   -0.34 THR 137 A    0.00 XXX   0 X

ASP 147 A   3.91    16 %    0.53  326   0.01    0    0.00 XXX   0 X    0.00 XXX   0 X   -0.32 LYS 149 A
ASP 147 A                                            0.00 XXX   0 X    0.00 XXX   0 X   -0.22 LYS 196 A
ASP 147 A                                            0.00 XXX   0 X    0.00 XXX   0 X   -0.00 LYS 291 A
ASP 147 A                                            0.00 XXX   0 X    0.00 XXX   0 X    0.11 GLU 296 A

ASP 180 A   4.39    47 %    1.55  412   0.00    0    0.00 XXX   0 X   -0.05 PHE 181 A   -0.00 ARG 111 A
ASP 180 A                                            0.00 XXX   0 X    0.00 XXX   0 X   -0.36 LYS 115 A
ASP 180 A                                            0.00 XXX   0 X    0.00 XXX   0 X   -0.36 LYS 119 A
ASP 180 A                                            0.00 XXX   0 X    0.00 XXX   0 X    0.41 GLU 114 A
ASP 180 A                                            0.00 XXX   0 X    0.00 XXX   0 X   -0.61 ARG 220 A

ASP 228 A   1.71   100 %    3.79  615   0.30    0   -0.84 ARG  78 A    0.00 XXX   0 X   -1.87 ARG  78 A
ASP 228 A                                           -0.85 TYR  80 A    0.00 XXX   0 X   -1.93 ARG 198 A
ASP 228 A                                           -0.69 ARG 198 A    0.00 XXX   0 X    0.00 XXX   0 X

ASP 235 A   3.64    27 %    0.77  356   0.20    0   -0.48 LYS 238 A    0.00 XXX   0 X   -0.04 ARG  78 A
ASP 235 A                                            0.00 XXX   0 X    0.00 XXX   0 X   -0.25 ARG 198 A
ASP 235 A                                            0.00 XXX   0 X    0.00 XXX   0 X   -0.36 LYS 238 A

ASP 239 A   3.86     0 %    0.34  212   0.00    0    0.00 XXX   0 X   -0.08 SER 241 A   -0.10 ARG 237 A
ASP 239 A                                            0.00 XXX   0 X   -0.10 SER 242 A    0.00 XXX   0 X

ASP 244 A   3.60    32 %    1.04  372   0.00    0    0.00 XXX   0 X   -0.03 LYS 246 A   -0.09 N+    1 A
ASP 244 A                                            0.00 XXX   0 X   -0.61 LYS 247 A   -0.28 LYS 246 A
ASP 244 A                                            0.00 XXX   0 X    0.00 XXX   0 X   -0.25 LYS 247 A

ASP 264 A   4.34    30 %    0.71  365   0.00    0    0.00 XXX   0 X    0.00 XXX   0 X   -0.20 ARG 267 A
ASP 264 A                                            0.00 XXX   0 X    0.00 XXX   0 X    0.03 ASP  10 A

ASP 283 A   3.26     0 %    0.36  197   0.00    0   -0.67 SER 285 A   -0.16 SER 285 A   -0.07 LYS 278 A

ASP 288 A   3.93     0 %    0.24  233   0.00    0    0.00 XXX   0 X    0.00 XXX   0 X   -0.11 LYS 291 A
ASP 288 A                                            0.00 XXX   0 X    0.00 XXX   0 X    0.01 ASP 283 A

ASP 297 A   3.92     0 %    0.33  199   0.00    0    0.00 XXX   0 X   -0.18 ASP 297 A   -0.07 LYS 149 A
ASP 297 A                                            0.00 XXX   0 X    0.00 XXX   0 X   -0.04 LYS 291 A
ASP 297 A                                            0.00 XXX   0 X    0.00 XXX   0 X    0.08 GLU 296 A

GLU   1 A   3.98     8 %    0.65  304   0.00    0   -0.13 LYS   4 A   -0.26 MET   2 A   -0.25 N+    1 A
GLU   1 A                                            0.00 XXX   0 X   -0.27 GLU   3 A   -0.29 LYS   4 A
GLU   1 A                                            0.00 XXX   0 X    0.00 XXX   0 X    0.02 GLU   5 A
GLU   1 A                                            0.00 XXX   0 X    0.00 XXX   0 X    0.01 ASP 239 A

GLU   3 A   4.92    10 %    0.36  308   0.00    0    0.00 XXX   0 X    0.00 XXX   0 X   -0.17 LYS   4 A
GLU   3 A                                            0.00 XXX   0 X    0.00 XXX   0 X   -0.08 LYS 278 A
GLU   3 A                                            0.00 XXX   0 X    0.00 XXX   0 X    0.19 GLU   1 A
GLU   3 A                                            0.00 XXX   0 X    0.00 XXX   0 X    0.08 GLU   7 A
GLU   3 A                                            0.00 XXX   0 X    0.00 XXX   0 X    0.03 GLU 275 A

GLU   5 A   3.96    35 %    1.26  379   0.04    0   -0.85 LYS 246 A    0.00 XXX   0 X   -0.15 N+    1 A
GLU   5 A                                           -0.56 TYR 270 A    0.00 XXX   0 X    0.23 ASP 244 A
GLU   5 A                                            0.00 XXX   0 X    0.00 XXX   0 X   -0.51 LYS 246 A

GLU   7 A   4.61     0 %    0.16  168   0.00    0    0.00 XXX   0 X    0.00 XXX   0 X   -0.08 LYS   4 A
GLU   7 A                                            0.00 XXX   0 X    0.00 XXX   0 X    0.04 ASP  10 A

GLU  25 A   4.86     0 %    0.29  253   0.00    0    0.00 XXX   0 X    0.00 XXX   0 X   -0.09 LYS 246 A
GLU  25 A                                            0.00 XXX   0 X    0.00 XXX   0 X    0.16 ASP  21 A
GLU  25 A                                            0.00 XXX   0 X    0.00 XXX   0 X    0.01 ASP 244 A

GLU  61 A   4.58     0 %    0.06   94   0.00    0    0.00 XXX   0 X    0.00 XXX   0 X    0.02 ASP  62 A

GLU  74 A   4.61     0 %    0.11  170   0.00    0    0.00 XXX   0 X    0.00 XXX   0 X   -0.07 LYS  72 A
GLU  74 A                                            0.00 XXX   0 X    0.00 XXX   0 X   -0.01 LYS 254 A
GLU  74 A                                            0.00 XXX   0 X    0.00 XXX   0 X    0.03 GLU  75 A
GLU  74 A                                            0.00 XXX   0 X    0.00 XXX   0 X    0.06 GLU 251 A

GLU  75 A   3.57     5 %    0.40  294   0.00    0   -0.70 ARG 237 A    0.00 XXX   0 X   -0.23 LYS 236 A
GLU  75 A                                            0.00 XXX   0 X    0.00 XXX   0 X   -0.00 LYS 247 A
GLU  75 A                                            0.00 XXX   0 X    0.00 XXX   0 X   -0.40 ARG 237 A

GLU  96 A   4.62*   51 %    1.99  425   0.13    0   -0.80 GLN  60 A    0.00 XXX   0 X   -0.06 ARG  42 A
GLU  96 A                                           -1.27 GLU 100 A    0.00 XXX   0 X    0.02 ASP  64 A
GLU  96 A                                            0.00 XXX   0 X    0.00 XXX   0 X    0.11 ASP 136 A

GLU 100 A   8.26*   46 %    2.32  410   0.37    0    1.27 GLU  96 A   -0.82 HIE  59 A   -0.01 LYS 102 A
GLU 100 A                                            0.00 XXX   0 X    0.00 XXX   0 X    0.63 GLU  96 A

GLU 114 A   3.59    56 %    2.38  438   0.61    0   -1.58 ARG 220 A   -0.81 ARG 111 A   -0.27 ARG 111 A
GLU 114 A                                            0.00 XXX   0 X    0.00 XXX   0 X   -0.10 LYS 115 A
GLU 114 A                                            0.00 XXX   0 X    0.00 XXX   0 X   -0.18 LYS 119 A
GLU 114 A                                            0.00 XXX   0 X    0.00 XXX   0 X   -0.94 ARG 220 A

GLU 128 A   4.26     0 %    0.32  228   0.00    0    0.00 XXX   0 X   -0.71 GLU 128 A   -0.01 LYS 127 A
GLU 128 A                                            0.00 XXX   0 X    0.00 XXX   0 X    0.17 GLU 129 A

GLU 129 A   4.06     0 %    0.31  150   0.00    0    0.00 XXX   0 X   -0.70 GLU 129 A   -0.06 LYS 130 A
GLU 129 A                                            0.00 XXX   0 X    0.00 XXX   0 X    0.01 GLU 131 A

GLU 131 A   3.72     0 %    0.24  231   0.00    0    0.00 XXX   0 X   -0.74 GLU 131 A   -0.07 LYS 130 A
GLU 131 A                                            0.00 XXX   0 X    0.00 XXX   0 X   -0.22 LYS 140 A

GLU 135 A   4.62     0 %    0.09  141   0.00    0    0.00 XXX   0 X    0.00 XXX   0 X    0.03 ASP 136 A

GLU 146 A   5.05    19 %    0.61  334   0.07    0   -0.01 ARG 155 A    0.00 XXX   0 X   -0.31 ARG 155 A
GLU 146 A                                            0.00 XXX   0 X    0.00 XXX   0 X    0.19 GLU 128 A
GLU 146 A                                            0.00 XXX   0 X    0.00 XXX   0 X    0.01 ASP 147 A

GLU 158 A   4.98     7 %    0.40  302   0.01    0    0.00 XXX   0 X    0.00 XXX   0 X   -0.09 LYS 140 A
GLU 158 A                                            0.00 XXX   0 X    0.00 XXX   0 X    0.13 GLU 160 A
GLU 158 A                                            0.00 XXX   0 X    0.00 XXX   0 X    0.03 GLU 169 A

GLU 160 A   4.68     0 %    0.42  268   0.00    0    0.00 XXX   0 X    0.00 XXX   0 X   -0.24 LYS 140 A

GLU 166 A   3.75     0 %    0.33  218   0.00    0   -0.85 THR 164 A    0.00 XXX   0 X   -0.07 LYS 102 A
GLU 166 A                                            0.00 XXX   0 X    0.00 XXX   0 X   -0.16 ARG 168 A

GLU 169 A   4.28    13 %    0.57  319   0.02    0   -0.16 GLN 156 A    0.00 XXX   0 X   -0.31 ARG 104 A
GLU 169 A                                           -0.33 ARG 104 A    0.00 XXX   0 X    0.00 XXX   0 X

GLU 185 A   4.90    16 %    0.35  327   0.04    0    0.00 XXX   0 X    0.00 XXX   0 X    0.00 XXX   0 X

GLU 199 A   4.14    18 %    0.49  332   0.08    0   -0.80 GLN 287 A    0.00 XXX   0 X   -0.15 LYS 196 A
GLU 199 A                                            0.00 XXX   0 X    0.00 XXX   0 X   -0.02 LYS 291 A
GLU 199 A                                            0.00 XXX   0 X    0.00 XXX   0 X    0.03 ASP 288 A

GLU 206 A   4.07     0 %    0.34  210   0.00    0    0.00 XXX   0 X   -0.74 GLU 206 A   -0.01 ARG  78 A
GLU 206 A                                            0.00 XXX   0 X    0.00 XXX   0 X   -0.02 ARG 104 A

GLU 251 A   4.06    25 %    0.79  351   0.00    0   -0.85 LYS 254 A    0.00 XXX   0 X    0.04 GLU  75 A
GLU 251 A                                            0.00 XXX   0 X    0.00 XXX   0 X   -0.43 LYS 254 A

GLU 275 A   3.70    33 %    1.13  373   0.19    0   -0.85 TRP 290 A    0.00 XXX   0 X    0.03 ASP 283 A
GLU 275 A                                           -0.85 LYS 278 A    0.00 XXX   0 X   -0.46 LYS 278 A

GLU 292 A   4.78     0 %    0.16  179   0.00    0    0.00 XXX   0 X    0.00 XXX   0 X   -0.10 LYS 291 A
GLU 292 A                                            0.00 XXX   0 X    0.00 XXX   0 X    0.04 ASP 288 A
GLU 292 A                                            0.00 XXX   0 X    0.00 XXX   0 X    0.02 GLU 296 A
GLU 292 A                                            0.00 XXX   0 X    0.00 XXX   0 X    0.15 ASP 297 A

GLU 296 A   3.57    36 %    1.30  382   0.08    0   -0.81 ASN 192 A    0.00 XXX   0 X   -0.31 LYS 149 A
GLU 296 A                                           -0.67 TYR 152 A    0.00 XXX   0 X   -0.27 LYS 196 A
GLU 296 A                                            0.00 XXX   0 X    0.00 XXX   0 X   -0.25 LYS 291 A

GLU 299 A   3.97     0 %    0.14  123   0.00    0    0.00 XXX   0 X   -0.68 GLU 299 A    0.01 ASP 297 A

CYS  31 A  10.94    43 %    1.82  403   0.00    0    0.00 XXX   0 X    0.00 XXX   0 X   -0.01 ARG  32 A
CYS  31 A                                            0.00 XXX   0 X    0.00 XXX   0 X   -0.08 LYS  35 A
CYS  31 A                                            0.00 XXX   0 X    0.00 XXX   0 X   -0.11 ARG 256 A
CYS  31 A                                            0.00 XXX   0 X    0.00 XXX   0 X    0.10 ASP  28 A
CYS  31 A                                            0.00 XXX   0 X    0.00 XXX   0 X    0.22 ASP  52 A

CYS  91 A  11.50    75 %    2.50  490   0.00    0    0.00 XXX   0 X    0.00 XXX   0 X   -0.08 ARG  44 A
CYS  91 A                                            0.00 XXX   0 X    0.00 XXX   0 X    0.08 ASP 136 A

CYS 120 A  12.57    97 %    3.87  554   0.00    0   -0.24 ASN 110 A    0.00 XXX   0 X   -0.50 ARG  44 A
CYS 120 A                                            0.00 XXX   0 X    0.00 XXX   0 X   -0.02 ARG 220 A
CYS 120 A                                            0.00 XXX   0 X    0.00 XXX   0 X    0.32 CYS  91 A
CYS 120 A                                            0.00 XXX   0 X    0.00 XXX   0 X    0.08 GLU 114 A
CYS 120 A                                            0.00 XXX   0 X    0.00 XXX   0 X    0.06 CYS 214 A

CYS 214 A   8.34   100 %    3.75  654   0.00    0   -0.85 SER 221 A   -0.04 CYS 214 A   -0.26 ARG 256 A
CYS 214 A                                           -0.09 ARG 220 A   -0.19 SER 215 A    0.29 GLU 114 A
CYS 214 A                                            0.00 XXX   0 X   -0.12 ALA 216 A    0.31 ASP 180 A
CYS 214 A                                            0.00 XXX   0 X   -0.58 GLY 217 A   -1.23 ARG 220 A
CYS 214 A                                            0.00 XXX   0 X   -0.36 ILE 218 A    0.00 XXX   0 X
CYS 214 A                                            0.00 XXX   0 X   -0.41 GLY 219 A    0.00 XXX   0 X
CYS 214 A                                            0.00 XXX   0 X   -0.12 ARG 220 A    0.00 XXX   0 X
CYS 214 A                                            0.00 XXX   0 X   -0.77 SER 221 A    0.00 XXX   0 X

CYS 225 A  13.97   100 %    4.41  708   0.00    0    0.00 XXX   0 X    0.00 XXX   0 X   -0.02 ARG  78 A
CYS 225 A                                            0.00 XXX   0 X    0.00 XXX   0 X    0.08 CYS 214 A
CYS 225 A                                            0.00 XXX   0 X    0.00 XXX   0 X    0.50 ASP 228 A

CYS 230 A  12.78   100 %    3.65  617   0.00    0    0.00 XXX   0 X    0.00 XXX   0 X   -0.02 ARG 237 A
CYS 230 A                                            0.00 XXX   0 X    0.00 XXX   0 X    0.07 ASP 228 A
CYS 230 A                                            0.00 XXX   0 X    0.00 XXX   0 X    0.08 ASP 244 A

TYR  19 A  10.86    60 %    2.69  449   0.00    0   -0.30 ARG  23 A    0.00 XXX   0 X   -0.58 ARG  23 A
TYR  19 A                                           -0.35 ARG 253 A    0.00 XXX   0 X   -0.60 ARG 253 A

TYR  45 A  10.41    49 %    1.42  418   0.00    0   -0.85 SER 215 A    0.00 XXX   0 X   -0.34 ARG  44 A
TYR  45 A                                            0.00 XXX   0 X    0.00 XXX   0 X    0.06 ASP  47 A
TYR  45 A                                            0.00 XXX   0 X    0.00 XXX   0 X    0.11 GLU 114 A
TYR  45 A                                            0.00 XXX   0 X    0.00 XXX   0 X    0.05 CYS 120 A
TYR  45 A                                            0.00 XXX   0 X    0.00 XXX   0 X    0.30 ASP 180 A
TYR  45 A                                            0.00 XXX   0 X    0.00 XXX   0 X    0.18 CYS 214 A
TYR  45 A                                            0.00 XXX   0 X    0.00 XXX   0 X   -0.11 ARG 220 A
TYR  45 A                                            0.00 XXX   0 X    0.00 XXX   0 X   -0.42 LYS 119 A

TYR  65 A  13.28    79 %    3.72  503   0.00    0   -0.06 ASN  43 A    0.00 XXX   0 X    0.16 CYS  31 A
TYR  65 A                                           -0.02 ASN  67 A    0.00 XXX   0 X   -0.04 ARG  42 A
TYR  65 A                                            0.00 XXX   0 X    0.00 XXX   0 X    0.06 ASP  52 A
TYR  65 A                                            0.00 XXX   0 X    0.00 XXX   0 X   -0.12 ARG  55 A
TYR  65 A                                            0.00 XXX   0 X    0.00 XXX   0 X   -0.42 ARG 256 A

TYR  80 A  15.88   100 %    4.38  621   0.00    0   -0.10 ARG  78 A    0.00 XXX   0 X   -1.21 ARG  78 A
TYR  80 A                                           -0.85 THR 229 A    0.00 XXX   0 X   -0.52 ARG 198 A
TYR  80 A                                            0.85 ASP 228 A    0.00 XXX   0 X    1.08 CYS 225 A
TYR  80 A                                            0.00 XXX   0 X    0.00 XXX   0 X    0.21 CYS 230 A
TYR  80 A                                            0.00 XXX   0 X    0.00 XXX   0 X    2.03 ASP 228 A

TYR 123 A  15.76   100 %    4.75  663   0.00    0    0.00 XXX   0 X    0.00 XXX   0 X    0.19 CYS  91 A
TYR 123 A                                            0.00 XXX   0 X    0.00 XXX   0 X    1.09 CYS 120 A
TYR 123 A                                            0.00 XXX   0 X    0.00 XXX   0 X   -0.26 ARG 155 A

TYR 151 A  11.57    81 %    3.50  509   0.00    0   -0.77 SER 189 A    0.00 XXX   0 X    0.02 GLU 185 A
TYR 151 A                                           -0.84 ASN 192 A    0.00 XXX   0 X    0.31 GLU 296 A
TYR 151 A                                           -0.66 SER 294 A    0.00 XXX   0 X    0.00 XXX   0 X

TYR 152 A  14.25    63 %    2.23  459   0.00    0    0.67 GLU 296 A    0.00 XXX   0 X    0.20 ASP 147 A
TYR 152 A                                            0.00 XXX   0 X    0.00 XXX   0 X    0.02 GLU 199 A
TYR 152 A                                            0.00 XXX   0 X    0.00 XXX   0 X    0.49 TYR 151 A
TYR 152 A                                            0.00 XXX   0 X    0.00 XXX   0 X    0.64 GLU 296 A

TYR 175 A  14.00   100 %    3.83  566   0.00    0   -0.11 THR 177 A    0.00 XXX   0 X    0.20 GLU 185 A
TYR 175 A                                           -0.85 SER 189 A    0.00 XXX   0 X    0.93 TYR 151 A

TYR 270 A  14.37    72 %    2.72  483   0.00    0    0.56 GLU   5 A    0.00 XXX   0 X    0.17 CYS 230 A
TYR 270 A                                            0.00 XXX   0 X    0.00 XXX   0 X    0.24 ASP 244 A
TYR 270 A                                            0.00 XXX   0 X    0.00 XXX   0 X    0.68 GLU   5 A

LYS   4 A  10.96     0 %   -0.21  192   0.00    0    0.13 GLU   1 A    0.00 XXX   0 X    0.29 GLU   1 A
LYS   4 A                                            0.00 XXX   0 X    0.00 XXX   0 X    0.17 GLU   3 A
LYS   4 A                                            0.00 XXX   0 X    0.00 XXX   0 X    0.08 GLU   7 A

LYS  11 A  10.45     0 %   -0.05   95   0.00    0    0.00 XXX   0 X    0.00 XXX   0 X    0.00 XXX   0 X

LYS  35 A  10.16     0 %   -0.37  276   0.00    0    0.00 XXX   0 X    0.00 XXX   0 X    0.08 CYS  31 A
LYS  35 A                                            0.00 XXX   0 X    0.00 XXX   0 X   -0.12 ARG  46 A
LYS  35 A                                            0.00 XXX   0 X    0.00 XXX   0 X    0.06 ASP  47 A

LYS  38 A  10.31     0 %   -0.27  228   0.00    0    0.00 XXX   0 X    0.00 XXX   0 X   -0.08 ARG  42 A
LYS  38 A                                            0.00 XXX   0 X    0.00 XXX   0 X   -0.03 ARG  55 A
LYS  38 A                                            0.00 XXX   0 X    0.00 XXX   0 X    0.10 ASP  62 A
LYS  38 A                                            0.00 XXX   0 X    0.00 XXX   0 X    0.10 ASP  64 A

LYS  40 A  10.44     0 %   -0.06  133   0.00    0    0.00 XXX   0 X    0.00 XXX   0 X    0.00 XXX   0 X

LYS  57 A  10.28     0 %   -0.17  263   0.00    0    0.00 XXX   0 X    0.00 XXX   0 X    0.03 ASP  52 A
LYS  57 A                                            0.00 XXX   0 X    0.00 XXX   0 X   -0.27 ARG  55 A
LYS  57 A                                            0.00 XXX   0 X    0.00 XXX   0 X    0.19 ASP  64 A

LYS  72 A  10.44     0 %   -0.13  237   0.00    0    0.00 XXX   0 X    0.00 XXX   0 X    0.07 GLU  74 A

LYS 102 A  10.12     0 %   -0.20  255   0.00    0    0.00 XXX   0 X    0.00 XXX   0 X    0.01 GLU 100 A
LYS 102 A                                            0.00 XXX   0 X    0.00 XXX   0 X    0.07 GLU 166 A
LYS 102 A                                            0.00 XXX   0 X    0.00 XXX   0 X   -0.25 ARG 168 A

LYS 115 A  10.35     0 %   -0.39  273   0.00    0    0.00 XXX   0 X    0.00 XXX   0 X    0.10 GLU 114 A
LYS 115 A                                            0.00 XXX   0 X    0.00 XXX   0 X    0.36 ASP 180 A
LYS 115 A                                            0.00 XXX   0 X    0.00 XXX   0 X   -0.09 ARG 220 A
LYS 115 A                                            0.00 XXX   0 X    0.00 XXX   0 X   -0.13 LYS 119 A

LYS 119 A  10.82     8 %   -0.49  303   0.00    0    0.00 XXX   0 X    0.00 XXX   0 X   -0.06 ARG  44 A
LYS 119 A                                            0.00 XXX   0 X    0.00 XXX   0 X    0.18 GLU 114 A
LYS 119 A                                            0.00 XXX   0 X    0.00 XXX   0 X    0.36 ASP 180 A
LYS 119 A                                            0.00 XXX   0 X    0.00 XXX   0 X   -0.09 ARG 220 A
LYS 119 A                                            0.00 XXX   0 X    0.00 XXX   0 X    0.42 TYR  45 A

LYS 127 A  10.43     0 %   -0.09  121   0.00    0    0.00 XXX   0 X    0.00 XXX   0 X    0.01 GLU 128 A

LYS 130 A  10.54     0 %   -0.08  131   0.00    0    0.00 XXX   0 X    0.00 XXX   0 X    0.06 GLU 129 A
LYS 130 A                                            0.00 XXX   0 X    0.00 XXX   0 X    0.07 GLU 131 A

LYS 140 A  10.80     0 %   -0.25  273   0.00    0    0.00 XXX   0 X    0.00 XXX   0 X    0.22 GLU 131 A
LYS 140 A                                            0.00 XXX   0 X    0.00 XXX   0 X    0.09 GLU 158 A
LYS 140 A                                            0.00 XXX   0 X    0.00 XXX   0 X    0.24 GLU 160 A

LYS 149 A  10.88     3 %   -0.33  289   0.00    0    0.00 XXX   0 X    0.00 XXX   0 X    0.32 ASP 147 A
LYS 149 A                                            0.00 XXX   0 X    0.00 XXX   0 X    0.31 GLU 296 A
LYS 149 A                                            0.00 XXX   0 X    0.00 XXX   0 X    0.07 ASP 297 A

LYS 196 A  10.30    37 %   -0.60  386   0.00    0    0.00 XXX   0 X    0.00 XXX   0 X    0.22 ASP 147 A
LYS 196 A                                            0.00 XXX   0 X    0.00 XXX   0 X    0.15 GLU 199 A
LYS 196 A                                            0.00 XXX   0 X    0.00 XXX   0 X    0.27 GLU 296 A
LYS 196 A                                            0.00 XXX   0 X    0.00 XXX   0 X   -0.12 LYS 149 A
LYS 196 A                                            0.00 XXX   0 X    0.00 XXX   0 X   -0.12 LYS 291 A

LYS 236 A  10.15     0 %   -0.33  234   0.00    0    0.00 XXX   0 X    0.00 XXX   0 X    0.23 GLU  75 A
LYS 236 A                                            0.00 XXX   0 X    0.00 XXX   0 X   -0.25 ARG 237 A

LYS 238 A  10.93     0 %   -0.41  245   0.00    0    0.48 ASP 235 A    0.00 XXX   0 X    0.36 ASP 235 A

LYS 246 A  11.60    27 %   -0.69  357   0.00    0    0.85 GLU   5 A    0.00 XXX   0 X    0.07 ASP  21 A
LYS 246 A                                            0.00 XXX   0 X    0.00 XXX   0 X    0.09 GLU  25 A
LYS 246 A                                            0.00 XXX   0 X    0.00 XXX   0 X    0.28 ASP 244 A
LYS 246 A                                            0.00 XXX   0 X    0.00 XXX   0 X    0.51 GLU   5 A

LYS 247 A  10.60     0 %   -0.12  201   0.00    0    0.00 XXX   0 X    0.00 XXX   0 X    0.00 GLU  75 A
LYS 247 A                                            0.00 XXX   0 X    0.00 XXX   0 X    0.25 ASP 244 A
LYS 247 A                                            0.00 XXX   0 X    0.00 XXX   0 X   -0.03 LYS 246 A

LYS 254 A  11.46     0 %   -0.33  280   0.00    0    0.85 GLU 251 A    0.00 XXX   0 X    0.01 GLU  74 A
LYS 254 A                                            0.00 XXX   0 X    0.00 XXX   0 X    0.43 GLU 251 A

LYS 278 A  11.51     9 %   -0.45  306   0.00    0    0.85 GLU 275 A    0.00 XXX   0 X    0.08 GLU   3 A
LYS 278 A                                            0.00 XXX   0 X    0.00 XXX   0 X    0.07 ASP 283 A
LYS 278 A                                            0.00 XXX   0 X    0.00 XXX   0 X    0.46 GLU 275 A

LYS 291 A  10.76     0 %   -0.17  264   0.00    0    0.00 XXX   0 X    0.00 XXX   0 X    0.00 ASP 147 A
LYS 291 A                                            0.00 XXX   0 X    0.00 XXX   0 X    0.02 GLU 199 A
LYS 291 A                                            0.00 XXX   0 X    0.00 XXX   0 X    0.11 ASP 288 A
LYS 291 A                                            0.00 XXX   0 X    0.00 XXX   0 X    0.10 GLU 292 A
LYS 291 A                                            0.00 XXX   0 X    0.00 XXX   0 X    0.25 GLU 296 A
LYS 291 A                                            0.00 XXX   0 X    0.00 XXX   0 X    0.04 ASP 297 A
LYS 291 A                                            0.00 XXX   0 X    0.00 XXX   0 X   -0.10 LYS 149 A

ARG  23 A  12.63    23 %   -0.75  347   0.00    0    0.30 TYR  19 A    0.00 XXX   0 X    0.58 TYR  19 A
ARG  23 A                                            0.00 XXX   0 X    0.00 XXX   0 X    0.01 ASP  47 A

ARG  32 A  12.50     0 %   -0.15  139   0.00    0    0.00 XXX   0 X    0.00 XXX   0 X    0.01 CYS  31 A
ARG  32 A                                            0.00 XXX   0 X    0.00 XXX   0 X    0.13 ASP  52 A

ARG  42 A  11.48    36 %   -1.38  383   0.00    0    0.00 XXX   0 X    0.00 XXX   0 X    0.14 ASP  62 A
ARG  42 A                                            0.00 XXX   0 X    0.00 XXX   0 X    0.05 ASP  64 A
ARG  42 A                                            0.00 XXX   0 X    0.00 XXX   0 X    0.04 TYR  65 A
ARG  42 A                                            0.00 XXX   0 X    0.00 XXX   0 X    0.06 GLU  96 A
ARG  42 A                                            0.00 XXX   0 X    0.00 XXX   0 X    0.08 ASP 136 A

ARG  44 A  11.49    62 %   -1.93  454   0.00    0    0.00 XXX   0 X    0.00 XXX   0 X    0.34 TYR  45 A
ARG  44 A                                            0.00 XXX   0 X    0.00 XXX   0 X    0.08 CYS  91 A
ARG  44 A                                            0.00 XXX   0 X    0.00 XXX   0 X    0.50 CYS 120 A

ARG  46 A  12.54     0 %   -0.08  118   0.00    0    0.00 XXX   0 X    0.00 XXX   0 X    0.12 ASP  47 A

ARG  55 A  12.85    38 %   -1.38  387   0.00    0    0.94 ASP  64 A    0.00 XXX   0 X    0.16 ASP  52 A
ARG  55 A                                            0.00 XXX   0 X    0.00 XXX   0 X    0.12 TYR  65 A
ARG  55 A                                            0.00 XXX   0 X    0.00 XXX   0 X    0.50 ASP  64 A

ARG  78 A  14.48    76 %   -2.11  494   0.00    0    0.10 TYR  80 A    0.00 XXX   0 X    1.21 TYR  80 A
ARG  78 A                                            0.84 ASP 228 A    0.00 XXX   0 X    0.01 GLU 206 A
ARG  78 A                                            0.00 XXX   0 X    0.00 XXX   0 X    0.02 CYS 225 A
ARG  78 A                                            0.00 XXX   0 X    0.00 XXX   0 X    0.04 ASP 235 A
ARG  78 A                                            0.00 XXX   0 X    0.00 XXX   0 X    1.87 ASP 228 A

ARG 104 A  12.40    24 %   -0.76  349   0.00    0    0.33 GLU 169 A    0.00 XXX   0 X    0.02 GLU 206 A
ARG 104 A                                            0.00 XXX   0 X    0.00 XXX   0 X    0.31 GLU 169 A

ARG 111 A  12.19    15 %   -0.49  323   0.00    0    0.00 XXX   0 X    0.00 XXX   0 X    0.27 GLU 114 A
ARG 111 A                                            0.00 XXX   0 X    0.00 XXX   0 X    0.00 ASP 180 A
ARG 111 A                                            0.00 XXX   0 X    0.00 XXX   0 X   -0.08 ARG 220 A

ARG 155 A  10.62    78 %   -2.47  499   0.00    0    0.01 GLU 146 A    0.00 XXX   0 X    0.26 TYR 123 A
ARG 155 A                                            0.00 XXX   0 X    0.00 XXX   0 X    0.31 GLU 146 A

ARG 168 A  11.45    31 %   -1.21  369   0.00    0    0.00 XXX   0 X    0.00 XXX   0 X    0.16 GLU 166 A

ARG 198 A  12.50    95 %   -2.58  546   0.00    0    0.69 ASP 228 A    0.00 XXX   0 X    0.52 TYR  80 A
ARG 198 A                                            0.00 XXX   0 X    0.00 XXX   0 X    0.25 ASP 235 A
ARG 198 A                                            0.00 XXX   0 X    0.00 XXX   0 X   -0.81 ARG  78 A
ARG 198 A                                            0.00 XXX   0 X    0.00 XXX   0 X    1.93 ASP 228 A

ARG 220 A  13.89    90 %   -3.19  533   0.00    0    1.58 GLU 114 A    0.00 XXX   0 X    0.11 TYR  45 A
ARG 220 A                                            0.09 CYS 214 A    0.00 XXX   0 X    0.02 CYS 120 A
ARG 220 A                                            0.00 XXX   0 X    0.00 XXX   0 X    0.94 GLU 114 A
ARG 220 A                                            0.00 XXX   0 X    0.00 XXX   0 X    0.61 ASP 180 A
ARG 220 A                                            0.00 XXX   0 X    0.00 XXX   0 X    1.23 CYS 214 A

ARG 237 A  13.16     5 %   -0.56  296   0.00    0    0.70 GLU  75 A    0.00 XXX   0 X    0.02 CYS 230 A
ARG 237 A                                            0.00 XXX   0 X    0.00 XXX   0 X    0.10 ASP 239 A
ARG 237 A                                            0.00 XXX   0 X    0.00 XXX   0 X    0.40 GLU  75 A

ARG 253 A  10.89    75 %   -2.32  491   0.00    0    0.35 TYR  19 A    0.00 XXX   0 X    0.60 TYR  19 A
ARG 253 A                                            0.00 XXX   0 X    0.00 XXX   0 X   -0.24 ARG  23 A

ARG 256 A  10.09   100 %   -3.20  663   0.00    0    0.00 XXX   0 X    0.00 XXX   0 X    0.11 CYS  31 A
ARG 256 A                                            0.00 XXX   0 X    0.00 XXX   0 X    0.42 TYR  65 A
ARG 256 A                                            0.00 XXX   0 X    0.00 XXX   0 X    0.26 CYS 214 A

ARG 267 A  14.06    16 %   -0.69  325   0.00    0    1.65 ASP  10 A    0.00 XXX   0 X    0.20 ASP 264 A
ARG 267 A                                            0.00 XXX   0 X    0.00 XXX   0 X    0.40 ASP  10 A

N+    1 A   8.10     0 %   -0.28  258   0.00    0    0.00 XXX   0 X    0.00 XXX   0 X    0.25 GLU   1 A
N+    1 A                                            0.00 XXX   0 X    0.00 XXX   0 X   -0.07 LYS   4 A
N+    1 A                                            0.00 XXX   0 X    0.00 XXX   0 X    0.15 GLU   5 A
N+    1 A                                            0.00 XXX   0 X    0.00 XXX   0 X    0.09 ASP 244 A
N+    1 A                                            0.00 XXX   0 X    0.00 XXX   0 X   -0.03 LYS 246 A

Coupled residues (marked *) were detected.Please rerun PropKa with the --display-coupled-residues 
or -d option for detailed information.

--------------------------------------------------------------------------------------------------------
SUMMARY OF THIS PREDICTION
       Group      pKa  model-pKa   ligand atom-type
   ASP  10 A     1.61       3.80                      
   ASP  21 A     4.06       3.80                      
   ASP  28 A     4.00       3.80                      
   ASP  47 A     3.67       3.80                      
   ASP  52 A     3.04       3.80                      
   ASP  62 A     3.76       3.80                      
   ASP  64 A     2.89       3.80                      
   ASP 136 A     4.35       3.80                      
   ASP 147 A     3.91       3.80                      
   ASP 180 A     4.39       3.80                      
   ASP 228 A     1.71       3.80                      
   ASP 235 A     3.64       3.80                      
   ASP 239 A     3.86       3.80                      
   ASP 244 A     3.60       3.80                      
   ASP 264 A     4.34       3.80                      
   ASP 283 A     3.26       3.80                      
   ASP 288 A     3.93       3.80                      
   ASP 297 A     3.92       3.80                      
   GLU   1 A     3.98       4.50                      
   GLU   3 A     4.92       4.50                      
   GLU   5 A     3.96       4.50                      
   GLU   7 A     4.61       4.50                      
   GLU  25 A     4.86       4.50                      
   GLU  61 A     4.58       4.50                      
   GLU  74 A     4.61       4.50                      
   GLU  75 A     3.57       4.50                      
   GLU  96 A     4.62       4.50                      
   GLU 100 A     8.26       4.50                      
   GLU 114 A     3.59       4.50                      
   GLU 128 A     4.26       4.50                      
   GLU 129 A     4.06       4.50                      
   GLU 131 A     3.72       4.50                      
   GLU 135 A     4.62       4.50                      
   GLU 146 A     5.05       4.50                      
   GLU 158 A     4.98       4.50                      
   GLU 160 A     4.68       4.50                      
   GLU 166 A     3.75       4.50                      
   GLU 169 A     4.28       4.50                      
   GLU 185 A     4.90       4.50                      
   GLU 199 A     4.14       4.50                      
   GLU 206 A     4.07       4.50                      
   GLU 251 A     4.06       4.50                      
   GLU 275 A     3.70       4.50                      
   GLU 292 A     4.78       4.50                      
   GLU 296 A     3.57       4.50                      
   GLU 299 A     3.97       4.50                      
   CYS  31 A    10.94       9.00                      
   CYS  91 A    11.50       9.00                      
   CYS 120 A    12.57       9.00                      
   CYS 214 A     8.34       9.00                      
   CYS 225 A    13.97       9.00                      
   CYS 230 A    12.78       9.00                      
   TYR  19 A    10.86      10.00                      
   TYR  45 A    10.41      10.00                      
   TYR  65 A    13.28      10.00                      
   TYR  80 A    15.88      10.00                      
   TYR 123 A    15.76      10.00                      
   TYR 151 A    11.57      10.00                      
   TYR 152 A    14.25      10.00                      
   TYR 175 A    14.00      10.00                      
   TYR 270 A    14.37      10.00                      
   LYS   4 A    10.96      10.50                      
   LYS  11 A    10.45      10.50                      
   LYS  35 A    10.16      10.50                      
   LYS  38 A    10.31      10.50                      
   LYS  40 A    10.44      10.50                      
   LYS  57 A    10.28      10.50                      
   LYS  72 A    10.44      10.50                      
   LYS 102 A    10.12      10.50                      
   LYS 115 A    10.35      10.50                      
   LYS 119 A    10.82      10.50                      
   LYS 127 A    10.43      10.50                      
   LYS 130 A    10.54      10.50                      
   LYS 140 A    10.80      10.50                      
   LYS 149 A    10.88      10.50                      
   LYS 196 A    10.30      10.50                      
   LYS 236 A    10.15      10.50                      
   LYS 238 A    10.93      10.50                      
   LYS 246 A    11.60      10.50                      
   LYS 247 A    10.60      10.50                      
   LYS 254 A    11.46      10.50                      
   LYS 278 A    11.51      10.50                      
   LYS 291 A    10.76      10.50                      
   ARG  23 A    12.63      12.50                      
   ARG  32 A    12.50      12.50                      
   ARG  42 A    11.48      12.50                      
   ARG  44 A    11.49      12.50                      
   ARG  46 A    12.54      12.50                      
   ARG  55 A    12.85      12.50                      
   ARG  78 A    14.48      12.50                      
   ARG 104 A    12.40      12.50                      
   ARG 111 A    12.19      12.50                      
   ARG 155 A    10.62      12.50                      
   ARG 168 A    11.45      12.50                      
   ARG 198 A    12.50      12.50                      
   ARG 220 A    13.89      12.50                      
   ARG 237 A    13.16      12.50                      
   ARG 253 A    10.89      12.50                      
   ARG 256 A    10.09      12.50                      
   ARG 267 A    14.06      12.50                      
   N+    1 A     8.10       8.00                      

Writing input.pka
